#
# There is insufficient memory for the Java Runtime Environment to continue.
# Native memory allocation (malloc) failed to allocate 19745 bytes. Error detail: unable to allocate cached copy of original class bytes
# Possible reasons:
#   The system is out of physical RAM or swap space
#   This process is running with CompressedOops enabled, and the Java Heap may be blocking the growth of the native heap
# Possible solutions:
#   Reduce memory load on the system
#   Increase physical memory or swap space
#   Check if swap backing store is full
#   Decrease Java heap size (-Xmx/-Xms)
#   Decrease number of Java threads
#   Decrease Java thread stack sizes (-Xss)
#   Set larger code cache with -XX:ReservedCodeCacheSize=
#   JVM is running with Zero Based Compressed Oops mode in which the Java heap is
#     placed in the first 32GB address space. The Java Heap base address is the
#     maximum limit for the native heap growth. Please use -XX:HeapBaseMinAddress
#     to set the Java Heap base and to place the Java Heap above 32GB virtual address.
# This output file may be truncated or incomplete.
#
#  Out of Memory Error (jvmtiExport.cpp:1030), pid=31228, tid=8920
#
# JRE version: OpenJDK Runtime Environment Corretto-21.0.5.11.1 (21.0.5+11) (build 21.0.5+11-LTS)
# Java VM: OpenJDK 64-Bit Server VM Corretto-21.0.5.11.1 (21.0.5+11-LTS, mixed mode, sharing, tiered, compressed oops, compressed class ptrs, g1 gc, windows-amd64)
# No core dump will be written. Minidumps are not enabled by default on client versions of Windows
#

---------------  S U M M A R Y ------------

Command Line: -agentlib:jdwp=transport=dt_socket,address=127.0.0.1:53952,suspend=y,server=n -javaagent:C:\Users\xqgab\AppData\Local\JetBrains\IdeaIC2024.3\captureAgent\debugger-agent.jar -Dkotlinx.coroutines.debug.enable.creation.stack.trace=false -Ddebugger.agent.enable.coroutines=true -Dkotlinx.coroutines.debug.enable.flows.stack.trace=true -Dkotlinx.coroutines.debug.enable.mutable.state.flows.stack.trace=true -Dfile.encoding=UTF-8 -Dsun.stdout.encoding=UTF-8 -Dsun.stderr.encoding=UTF-8 com.example.auth.AuthApplication

Host: AMD Ryzen 7 5700X 8-Core Processor             , 16 cores, 31G,  Windows 11 , 64 bit Build 22621 (10.0.22621.5124)
Time: Thu Apr 24 20:18:02 2025 Hora oficial do Brasil elapsed time: 0.210652 seconds (0d 0h 0m 0s)

---------------  T H R E A D  ---------------

Current thread (0x000002b83dfa62f0):  JavaThread "main"             [_thread_in_native, id=8920, stack(0x000000f827d00000,0x000000f827e00000) (1024K)]

Stack: [0x000000f827d00000,0x000000f827e00000]
Native frames: (J=compiled Java code, j=interpreted, Vv=VM code, C=native code)
V  [jvm.dll+0x6d9b69]
V  [jvm.dll+0x8b6073]
V  [jvm.dll+0x8b83ce]
V  [jvm.dll+0x8b8ab3]
V  [jvm.dll+0x286226]
V  [jvm.dll+0x59c7e0]
V  [jvm.dll+0x593ea2]
V  [jvm.dll+0x593fab]
V  [jvm.dll+0x5b8fb2]
V  [jvm.dll+0x82e286]
V  [jvm.dll+0x82df2f]
V  [jvm.dll+0x82efa2]
V  [jvm.dll+0x82f564]
V  [jvm.dll+0x82f1f8]
V  [jvm.dll+0x273bab]
V  [jvm.dll+0x273dc5]
V  [jvm.dll+0x5dc247]
V  [jvm.dll+0x5df22e]
V  [jvm.dll+0x3e2ad0]
V  [jvm.dll+0x3e214d]
C  0x000002b84daf49c0

The last pc belongs to invokestatic (printed below).
Java frames: (J=compiled Java code, j=interpreted, Vv=VM code)
j  sun.nio.fs.WindowsFileSystem.getPath(Ljava/lang/String;[Ljava/lang/String;)Ljava/nio/file/Path;+102 java.base@21.0.5
j  java.util.zip.ZipFile$Source.get(Ljava/io/File;ZLjava/util/zip/ZipCoder;)Ljava/util/zip/ZipFile$Source;+16 java.base@21.0.5
j  java.util.zip.ZipFile$CleanableResource.<init>(Ljava/util/zip/ZipFile;Ljava/util/zip/ZipCoder;Ljava/io/File;I)V+56 java.base@21.0.5
j  java.util.zip.ZipFile.<init>(Ljava/io/File;ILjava/nio/charset/Charset;)V+123 java.base@21.0.5
j  java.util.zip.ZipFile.<init>(Ljava/io/File;I)V+6 java.base@21.0.5
j  java.util.jar.JarFile.<init>(Ljava/io/File;ZILjava/lang/Runtime$Version;)V+3 java.base@21.0.5
j  jdk.internal.loader.URLClassPath$JarLoader.getJarFile(Ljava/net/URL;)Ljava/util/jar/JarFile;+56 java.base@21.0.5
j  jdk.internal.loader.URLClassPath$JarLoader$1.run()Ljava/lang/Void;+55 java.base@21.0.5
j  jdk.internal.loader.URLClassPath$JarLoader$1.run()Ljava/lang/Object;+1 java.base@21.0.5
j  java.security.AccessController.executePrivileged(Ljava/security/PrivilegedExceptionAction;Ljava/security/AccessControlContext;Ljava/lang/Class;)Ljava/lang/Object;+29 java.base@21.0.5
j  java.security.AccessController.doPrivileged(Ljava/security/PrivilegedExceptionAction;Ljava/security/AccessControlContext;)Ljava/lang/Object;+13 java.base@21.0.5
j  jdk.internal.loader.URLClassPath$JarLoader.ensureOpen()V+19 java.base@21.0.5
j  jdk.internal.loader.URLClassPath$JarLoader.<init>(Ljava/net/URL;Ljava/net/URLStreamHandler;Ljava/util/HashMap;Ljava/security/AccessControlContext;)V+59 java.base@21.0.5
j  jdk.internal.loader.URLClassPath$3.run()Ljdk/internal/loader/URLClassPath$Loader;+168 java.base@21.0.5
j  jdk.internal.loader.URLClassPath$3.run()Ljava/lang/Object;+1 java.base@21.0.5
j  java.security.AccessController.executePrivileged(Ljava/security/PrivilegedExceptionAction;Ljava/security/AccessControlContext;Ljava/lang/Class;)Ljava/lang/Object;+29 java.base@21.0.5
j  java.security.AccessController.doPrivileged(Ljava/security/PrivilegedExceptionAction;Ljava/security/AccessControlContext;)Ljava/lang/Object;+13 java.base@21.0.5
j  jdk.internal.loader.URLClassPath.getLoader(Ljava/net/URL;)Ljdk/internal/loader/URLClassPath$Loader;+13 java.base@21.0.5
j  jdk.internal.loader.URLClassPath.getLoader(I)Ljdk/internal/loader/URLClassPath$Loader;+81 java.base@21.0.5
j  jdk.internal.loader.URLClassPath.getResource(Ljava/lang/String;Z)Ljdk/internal/loader/Resource;+42 java.base@21.0.5
j  jdk.internal.loader.BuiltinClassLoader.findClassOnClassPathOrNull(Ljava/lang/String;)Ljava/lang/Class;+26 java.base@21.0.5
j  jdk.internal.loader.BuiltinClassLoader.loadClassOrNull(Ljava/lang/String;Z)Ljava/lang/Class;+111 java.base@21.0.5
j  jdk.internal.loader.BuiltinClassLoader.loadClass(Ljava/lang/String;Z)Ljava/lang/Class;+3 java.base@21.0.5
j  jdk.internal.loader.ClassLoaders$AppClassLoader.loadClass(Ljava/lang/String;Z)Ljava/lang/Class;+36 java.base@21.0.5
j  java.lang.ClassLoader.loadClass(Ljava/lang/String;)Ljava/lang/Class;+3 java.base@21.0.5
v  ~StubRoutines::call_stub 0x000002b84dad100d
j  com.example.auth.AuthApplication.main([Ljava/lang/String;)V+3
v  ~StubRoutines::call_stub 0x000002b84dad100d
invokestatic  184 invokestatic  [0x000002b84daf4920, 0x000002b84daf4ca8]  904 bytes
[MachCode]
  0x000002b84daf4920: 4883 ec08 | c5fa 1104 | 24eb 1f48 | 83ec 10c5 | fb11 0424 | eb14 4883 | ec10 4889 | 0424 48c7 
  0x000002b84daf4940: 4424 0800 | 0000 00eb | 0150 4c89 | 6dc0 410f | b755 0148 | 8b4d d0c1 | e202 8b5c | d138 c1eb 
  0x000002b84daf4960: 1081 e3ff | 0000 0081 | fbb8 0000 | 000f 846b | 0100 00bb | b800 0000 | e805 0000 | 00e9 5001 
  0x000002b84daf4980: 0000 488b | d348 8d44 | 2408 4c89 | 6dc0 498b | cfc5 f877 | 4989 afa8 | 0300 0049 | 8987 9803 
  0x000002b84daf49a0: 0000 4883 | ec20 40f6 | c40f 0f84 | 1900 0000 | 4883 ec08 | 48b8 e020 | 114b ff7f | 0000 ffd0 
  0x000002b84daf49c0: 4883 c408 | e90c 0000 | 0048 b8e0 | 2011 4bff | 7f00 00ff | d048 83c4 | 2049 c787 | 9803 0000 
  0x000002b84daf49e0: 0000 0000 | 49c7 87a8 | 0300 0000 | 0000 0049 | c787 a003 | 0000 0000 | 0000 c5f8 | 7741 8b8f 
  0x000002b84daf4a00: 2405 0000 | f6c1 010f | 8442 0000 | 00f6 c102 | 0f85 3900 | 0000 4883 | ec20 40f6 | c40f 0f84 
  0x000002b84daf4a20: 1900 0000 | 4883 ec08 | 48b8 40ca | 104b ff7f | 0000 ffd0 | 4883 c408 | e90c 0000 | 0048 b840 
  0x000002b84daf4a40: ca10 4bff | 7f00 00ff | d048 83c4 | 20ff e049 | 8b8f d005 | 0000 4885 | c90f 8455 | 0000 008b 
  0x000002b84daf4a60: 899c 0000 | 0083 f901 | 0f85 4600 | 0000 498b | 8fd0 0500 | 008b 89a0 | 0000 0048 | 83ec 2040 
  0x000002b84daf4a80: f6c4 0f0f | 8419 0000 | 0048 83ec | 0848 b830 | ca10 4bff | 7f00 00ff | d048 83c4 | 08e9 0c00 
  0x000002b84daf4aa0: 0000 48b8 | 30ca 104b | ff7f 0000 | ffd0 4883 | c420 ffe0 | 4983 7f08 | 000f 8405 | 0000 00e9 
  0x000002b84daf4ac0: 3cc4 fdff | 4c8b 6dc0 | 4c8b 75c8 | 4e8d 74f5 | 00c3 410f | b755 0148 | 8b4d d0c1 | e202 488b 
  0x000002b84daf4ae0: 5cd1 4048 | 8b5b 0848 | 8b5b 0848 | 8b5b 1880 | bb21 0100 | 0004 0f84 | 0d00 0000 | 4c3b bb28 
  0x000002b84daf4b00: 0100 000f | 856a feff | ff48 8b5c | d140 8b54 | d150 c1ea | 1c49 bad0 | bf9f 4bff | 7f00 0049 
  0x000002b84daf4b20: 8b14 d252 | 488b 45d8 | 4885 c00f | 8412 0000 | 0048 8340 | 0801 4883 | 5808 0048 | 83c0 1048 
  0x000002b84daf4b40: 8945 d848 | 8b45 d848 | 85c0 0f84 | 3d01 0000 | 8078 f00a | 0f85 3301 | 0000 4883 | c008 4c8b 
  0x000002b84daf4b60: 68f8 4183 | ed00 4183 | fd02 0f8c | 1201 0000 | 4c8b 6b08 | 450f b76d | 2e4c 2b28 | 4183 ed01 
  0x000002b84daf4b80: 4e8b 6cec | 084d 85ed | 750e f640 | 0801 7558 | f048 8348 | 0801 eb50 | 458b 6d08 | 49ba 0000 
  0x000002b84daf4ba0: 0063 b802 | 0000 4d03 | ea4d 8bd5 | 4c33 6808 | 49f7 c5fc | ffff ff74 | 2f41 f6c5 | 0275 2948 
  0x000002b84daf4bc0: 8378 0800 | 741e 4883 | 7808 0174 | 174d 8bea | 4c33 6808 | 49f7 c5fc | ffff ff74 | 0b48 8348 
  0x000002b84daf4be0: 0802 eb04 | 4c89 6808 | 4883 c010 | 4c8b 68e8 | 4183 ed02 | 4183 fd02 | 0f8c 8400 | 0000 4c8b 
  0x000002b84daf4c00: 6b08 450f | b76d 2e4c | 2b28 4183 | ed01 4e8b | 6cec 084d | 85ed 750e | f640 0801 | 7558 f048 
  0x000002b84daf4c20: 8348 0801 | eb50 458b | 6d08 49ba | 0000 0063 | b802 0000 | 4d03 ea4d | 8bd5 4c33 | 6808 49f7 
  0x000002b84daf4c40: c5fc ffff | ff74 2f41 | f6c5 0275 | 2948 8378 | 0800 741e | 4883 7808 | 0174 174d | 8bea 4c33 
  0x000002b84daf4c60: 6808 49f7 | c5fc ffff | ff74 0b48 | 8348 0802 | eb04 4c89 | 6808 4883 | c010 4c8b | 68d8 4183 
  0x000002b84daf4c80: ed04 41c1 | e503 4903 | c548 8945 | d84c 8d6c | 2408 4c89 | 6df0 4180 | bfd8 0500 | 0000 7403 
  0x000002b84daf4ca0: ff63 38ff | 6350 6690 
[/MachCode]

---------------  P R O C E S S  ---------------

Threads class SMR info:
_java_thread_list=0x000002b8a42b46f0, length=16, elements={
0x000002b83dfa62f0, 0x000002b8a4026ff0, 0x000002b8a40280b0, 0x000002b8a402a820,
0x000002b8a402d500, 0x000002b8a402e2b0, 0x000002b8a4034650, 0x000002b8a4035010,
0x000002b8a4036870, 0x000002b8600a42b0, 0x000002b8a4101d90, 0x000002b8a90080d0,
0x000002b8a420f430, 0x000002b8a4223c60, 0x000002b8a4224480, 0x000002b8a4393950
}

Java Threads: ( => current thread )
=>0x000002b83dfa62f0 JavaThread "main"                              [_thread_in_native, id=8920, stack(0x000000f827d00000,0x000000f827e00000) (1024K)]
  0x000002b8a4026ff0 JavaThread "Reference Handler"          daemon [_thread_blocked, id=34488, stack(0x000000f828500000,0x000000f828600000) (1024K)]
  0x000002b8a40280b0 JavaThread "Finalizer"                  daemon [_thread_blocked, id=33872, stack(0x000000f828600000,0x000000f828700000) (1024K)]
  0x000002b8a402a820 JavaThread "Signal Dispatcher"          daemon [_thread_blocked, id=32636, stack(0x000000f828700000,0x000000f828800000) (1024K)]
  0x000002b8a402d500 JavaThread "Attach Listener"            daemon [_thread_blocked, id=13048, stack(0x000000f828800000,0x000000f828900000) (1024K)]
  0x000002b8a402e2b0 JavaThread "Service Thread"             daemon [_thread_blocked, id=31176, stack(0x000000f828900000,0x000000f828a00000) (1024K)]
  0x000002b8a4034650 JavaThread "Monitor Deflation Thread"   daemon [_thread_blocked, id=30180, stack(0x000000f828a00000,0x000000f828b00000) (1024K)]
  0x000002b8a4035010 JavaThread "C2 CompilerThread0"         daemon [_thread_blocked, id=27792, stack(0x000000f828b00000,0x000000f828c00000) (1024K)]
  0x000002b8a4036870 JavaThread "C1 CompilerThread0"         daemon [_thread_blocked, id=27332, stack(0x000000f828c00000,0x000000f828d00000) (1024K)]
  0x000002b8600a42b0 JavaThread "Common-Cleaner"             daemon [_thread_blocked, id=12616, stack(0x000000f828d00000,0x000000f828e00000) (1024K)]
  0x000002b8a4101d90 JavaThread "C1 CompilerThread1"         daemon [_thread_blocked, id=7828, stack(0x000000f828e00000,0x000000f828f00000) (1024K)]
  0x000002b8a90080d0 JavaThread "C1 CompilerThread2"         daemon [_thread_blocked, id=28200, stack(0x000000f828f00000,0x000000f829000000) (1024K)]
  0x000002b8a420f430 JavaThread "JDWP Transport Listener: dt_socket" daemon [_thread_blocked, id=24760, stack(0x000000f829000000,0x000000f829100000) (1024K)]
  0x000002b8a4223c60 JavaThread "JDWP Event Helper Thread"   daemon [_thread_blocked, id=32992, stack(0x000000f829100000,0x000000f829200000) (1024K)]
  0x000002b8a4224480 JavaThread "JDWP Command Reader"        daemon [_thread_in_native, id=33560, stack(0x000000f829200000,0x000000f829300000) (1024K)]
  0x000002b8a4393950 JavaThread "Notification Thread"        daemon [_thread_blocked, id=20064, stack(0x000000f829300000,0x000000f829400000) (1024K)]
Total: 16

Other Threads:
  0x000002b8600aeb30 VMThread "VM Thread"                           [id=34500, stack(0x000000f828400000,0x000000f828500000) (1024K)]
  0x000002b8600a36d0 WatcherThread "VM Periodic Task Thread"        [id=8984, stack(0x000000f828300000,0x000000f828400000) (1024K)]
  0x000002b83e010900 WorkerThread "GC Thread#0"                     [id=34296, stack(0x000000f827e00000,0x000000f827f00000) (1024K)]
  0x000002b83e022fd0 ConcurrentGCThread "G1 Main Marker"            [id=21796, stack(0x000000f827f00000,0x000000f828000000) (1024K)]
  0x000002b83e023ad0 WorkerThread "G1 Conc#0"                       [id=34404, stack(0x000000f828000000,0x000000f828100000) (1024K)]
  0x000002b85ff64170 ConcurrentGCThread "G1 Refine#0"               [id=27156, stack(0x000000f828100000,0x000000f828200000) (1024K)]
  0x000002b85ff64ce0 ConcurrentGCThread "G1 Service"                [id=28144, stack(0x000000f828200000,0x000000f828300000) (1024K)]
Total: 7

Threads with active compile tasks:
Total: 0

VM state: not at safepoint (normal execution)

VM Mutex/Monitor currently owned by a thread: None

Heap address: 0x0000000601c00000, size: 8164 MB, Compressed Oops mode: Zero based, Oop shift amount: 3

CDS archive(s) mapped at: [0x000002b863000000-0x000002b863c80000-0x000002b863c80000), size 13107200, SharedBaseAddress: 0x000002b863000000, ArchiveRelocationMode: 1.
Compressed class space mapped at: 0x000002b864000000-0x000002b8a4000000, reserved size: 1073741824
Narrow klass base: 0x000002b863000000, Narrow klass shift: 0, Narrow klass range: 0x100000000

GC Precious Log:
 CardTable entry size: 512
 Card Set container configuration: InlinePtr #cards 4 size 8 Array Of Cards #cards 32 size 80 Howl #buckets 8 coarsen threshold 7372 Howl Bitmap #cards 1024 size 144 coarsen threshold 921 Card regions per heap region 1 cards per card region 8192
 CPUs: 16 total, 16 available
 Memory: 32654M
 Large Page Support: Disabled
 NUMA Support: Disabled
 Compressed Oops: Enabled (Zero based)
 Heap Region Size: 4M
 Heap Min Capacity: 8M
 Heap Initial Capacity: 512M
 Heap Max Capacity: 8164M
 Pre-touch: Disabled
 Parallel Workers: 13
 Concurrent Workers: 3
 Concurrent Refinement Workers: 13
 Periodic GC: Disabled

Heap:
 garbage-first heap   total 524288K, used 4096K [0x0000000601c00000, 0x0000000800000000)
  region size 4096K, 2 young (8192K), 0 survivors (0K)
 Metaspace       used 1285K, committed 1472K, reserved 1114112K
  class space    used 91K, committed 192K, reserved 1048576K

Heap Regions: E=young(eden), S=young(survivor), O=old, HS=humongous(starts), HC=humongous(continues), CS=collection set, F=free, TAMS=top-at-mark-start, PB=parsable bottom
|   0|0x0000000601c00000, 0x0000000601c00000, 0x0000000602000000|  0%| F|  |TAMS 0x0000000601c00000| PB 0x0000000601c00000| Untracked 
|   1|0x0000000602000000, 0x0000000602000000, 0x0000000602400000|  0%| F|  |TAMS 0x0000000602000000| PB 0x0000000602000000| Untracked 
|   2|0x0000000602400000, 0x0000000602400000, 0x0000000602800000|  0%| F|  |TAMS 0x0000000602400000| PB 0x0000000602400000| Untracked 
|   3|0x0000000602800000, 0x0000000602800000, 0x0000000602c00000|  0%| F|  |TAMS 0x0000000602800000| PB 0x0000000602800000| Untracked 
|   4|0x0000000602c00000, 0x0000000602c00000, 0x0000000603000000|  0%| F|  |TAMS 0x0000000602c00000| PB 0x0000000602c00000| Untracked 
|   5|0x0000000603000000, 0x0000000603000000, 0x0000000603400000|  0%| F|  |TAMS 0x0000000603000000| PB 0x0000000603000000| Untracked 
|   6|0x0000000603400000, 0x0000000603400000, 0x0000000603800000|  0%| F|  |TAMS 0x0000000603400000| PB 0x0000000603400000| Untracked 
|   7|0x0000000603800000, 0x0000000603800000, 0x0000000603c00000|  0%| F|  |TAMS 0x0000000603800000| PB 0x0000000603800000| Untracked 
|   8|0x0000000603c00000, 0x0000000603c00000, 0x0000000604000000|  0%| F|  |TAMS 0x0000000603c00000| PB 0x0000000603c00000| Untracked 
|   9|0x0000000604000000, 0x0000000604000000, 0x0000000604400000|  0%| F|  |TAMS 0x0000000604000000| PB 0x0000000604000000| Untracked 
|  10|0x0000000604400000, 0x0000000604400000, 0x0000000604800000|  0%| F|  |TAMS 0x0000000604400000| PB 0x0000000604400000| Untracked 
|  11|0x0000000604800000, 0x0000000604800000, 0x0000000604c00000|  0%| F|  |TAMS 0x0000000604800000| PB 0x0000000604800000| Untracked 
|  12|0x0000000604c00000, 0x0000000604c00000, 0x0000000605000000|  0%| F|  |TAMS 0x0000000604c00000| PB 0x0000000604c00000| Untracked 
|  13|0x0000000605000000, 0x0000000605000000, 0x0000000605400000|  0%| F|  |TAMS 0x0000000605000000| PB 0x0000000605000000| Untracked 
|  14|0x0000000605400000, 0x0000000605400000, 0x0000000605800000|  0%| F|  |TAMS 0x0000000605400000| PB 0x0000000605400000| Untracked 
|  15|0x0000000605800000, 0x0000000605800000, 0x0000000605c00000|  0%| F|  |TAMS 0x0000000605800000| PB 0x0000000605800000| Untracked 
|  16|0x0000000605c00000, 0x0000000605c00000, 0x0000000606000000|  0%| F|  |TAMS 0x0000000605c00000| PB 0x0000000605c00000| Untracked 
|  17|0x0000000606000000, 0x0000000606000000, 0x0000000606400000|  0%| F|  |TAMS 0x0000000606000000| PB 0x0000000606000000| Untracked 
|  18|0x0000000606400000, 0x0000000606400000, 0x0000000606800000|  0%| F|  |TAMS 0x0000000606400000| PB 0x0000000606400000| Untracked 
|  19|0x0000000606800000, 0x0000000606800000, 0x0000000606c00000|  0%| F|  |TAMS 0x0000000606800000| PB 0x0000000606800000| Untracked 
|  20|0x0000000606c00000, 0x0000000606c00000, 0x0000000607000000|  0%| F|  |TAMS 0x0000000606c00000| PB 0x0000000606c00000| Untracked 
|  21|0x0000000607000000, 0x0000000607000000, 0x0000000607400000|  0%| F|  |TAMS 0x0000000607000000| PB 0x0000000607000000| Untracked 
|  22|0x0000000607400000, 0x0000000607400000, 0x0000000607800000|  0%| F|  |TAMS 0x0000000607400000| PB 0x0000000607400000| Untracked 
|  23|0x0000000607800000, 0x0000000607800000, 0x0000000607c00000|  0%| F|  |TAMS 0x0000000607800000| PB 0x0000000607800000| Untracked 
|  24|0x0000000607c00000, 0x0000000607c00000, 0x0000000608000000|  0%| F|  |TAMS 0x0000000607c00000| PB 0x0000000607c00000| Untracked 
|  25|0x0000000608000000, 0x0000000608000000, 0x0000000608400000|  0%| F|  |TAMS 0x0000000608000000| PB 0x0000000608000000| Untracked 
|  26|0x0000000608400000, 0x0000000608400000, 0x0000000608800000|  0%| F|  |TAMS 0x0000000608400000| PB 0x0000000608400000| Untracked 
|  27|0x0000000608800000, 0x0000000608800000, 0x0000000608c00000|  0%| F|  |TAMS 0x0000000608800000| PB 0x0000000608800000| Untracked 
|  28|0x0000000608c00000, 0x0000000608c00000, 0x0000000609000000|  0%| F|  |TAMS 0x0000000608c00000| PB 0x0000000608c00000| Untracked 
|  29|0x0000000609000000, 0x0000000609000000, 0x0000000609400000|  0%| F|  |TAMS 0x0000000609000000| PB 0x0000000609000000| Untracked 
|  30|0x0000000609400000, 0x0000000609400000, 0x0000000609800000|  0%| F|  |TAMS 0x0000000609400000| PB 0x0000000609400000| Untracked 
|  31|0x0000000609800000, 0x0000000609800000, 0x0000000609c00000|  0%| F|  |TAMS 0x0000000609800000| PB 0x0000000609800000| Untracked 
|  32|0x0000000609c00000, 0x0000000609c00000, 0x000000060a000000|  0%| F|  |TAMS 0x0000000609c00000| PB 0x0000000609c00000| Untracked 
|  33|0x000000060a000000, 0x000000060a000000, 0x000000060a400000|  0%| F|  |TAMS 0x000000060a000000| PB 0x000000060a000000| Untracked 
|  34|0x000000060a400000, 0x000000060a400000, 0x000000060a800000|  0%| F|  |TAMS 0x000000060a400000| PB 0x000000060a400000| Untracked 
|  35|0x000000060a800000, 0x000000060a800000, 0x000000060ac00000|  0%| F|  |TAMS 0x000000060a800000| PB 0x000000060a800000| Untracked 
|  36|0x000000060ac00000, 0x000000060ac00000, 0x000000060b000000|  0%| F|  |TAMS 0x000000060ac00000| PB 0x000000060ac00000| Untracked 
|  37|0x000000060b000000, 0x000000060b000000, 0x000000060b400000|  0%| F|  |TAMS 0x000000060b000000| PB 0x000000060b000000| Untracked 
|  38|0x000000060b400000, 0x000000060b400000, 0x000000060b800000|  0%| F|  |TAMS 0x000000060b400000| PB 0x000000060b400000| Untracked 
|  39|0x000000060b800000, 0x000000060b800000, 0x000000060bc00000|  0%| F|  |TAMS 0x000000060b800000| PB 0x000000060b800000| Untracked 
|  40|0x000000060bc00000, 0x000000060bc00000, 0x000000060c000000|  0%| F|  |TAMS 0x000000060bc00000| PB 0x000000060bc00000| Untracked 
|  41|0x000000060c000000, 0x000000060c000000, 0x000000060c400000|  0%| F|  |TAMS 0x000000060c000000| PB 0x000000060c000000| Untracked 
|  42|0x000000060c400000, 0x000000060c400000, 0x000000060c800000|  0%| F|  |TAMS 0x000000060c400000| PB 0x000000060c400000| Untracked 
|  43|0x000000060c800000, 0x000000060c800000, 0x000000060cc00000|  0%| F|  |TAMS 0x000000060c800000| PB 0x000000060c800000| Untracked 
|  44|0x000000060cc00000, 0x000000060cc00000, 0x000000060d000000|  0%| F|  |TAMS 0x000000060cc00000| PB 0x000000060cc00000| Untracked 
|  45|0x000000060d000000, 0x000000060d000000, 0x000000060d400000|  0%| F|  |TAMS 0x000000060d000000| PB 0x000000060d000000| Untracked 
|  46|0x000000060d400000, 0x000000060d400000, 0x000000060d800000|  0%| F|  |TAMS 0x000000060d400000| PB 0x000000060d400000| Untracked 
|  47|0x000000060d800000, 0x000000060d800000, 0x000000060dc00000|  0%| F|  |TAMS 0x000000060d800000| PB 0x000000060d800000| Untracked 
|  48|0x000000060dc00000, 0x000000060dc00000, 0x000000060e000000|  0%| F|  |TAMS 0x000000060dc00000| PB 0x000000060dc00000| Untracked 
|  49|0x000000060e000000, 0x000000060e000000, 0x000000060e400000|  0%| F|  |TAMS 0x000000060e000000| PB 0x000000060e000000| Untracked 
|  50|0x000000060e400000, 0x000000060e400000, 0x000000060e800000|  0%| F|  |TAMS 0x000000060e400000| PB 0x000000060e400000| Untracked 
|  51|0x000000060e800000, 0x000000060e800000, 0x000000060ec00000|  0%| F|  |TAMS 0x000000060e800000| PB 0x000000060e800000| Untracked 
|  52|0x000000060ec00000, 0x000000060ec00000, 0x000000060f000000|  0%| F|  |TAMS 0x000000060ec00000| PB 0x000000060ec00000| Untracked 
|  53|0x000000060f000000, 0x000000060f000000, 0x000000060f400000|  0%| F|  |TAMS 0x000000060f000000| PB 0x000000060f000000| Untracked 
|  54|0x000000060f400000, 0x000000060f400000, 0x000000060f800000|  0%| F|  |TAMS 0x000000060f400000| PB 0x000000060f400000| Untracked 
|  55|0x000000060f800000, 0x000000060f800000, 0x000000060fc00000|  0%| F|  |TAMS 0x000000060f800000| PB 0x000000060f800000| Untracked 
|  56|0x000000060fc00000, 0x000000060fc00000, 0x0000000610000000|  0%| F|  |TAMS 0x000000060fc00000| PB 0x000000060fc00000| Untracked 
|  57|0x0000000610000000, 0x0000000610000000, 0x0000000610400000|  0%| F|  |TAMS 0x0000000610000000| PB 0x0000000610000000| Untracked 
|  58|0x0000000610400000, 0x0000000610400000, 0x0000000610800000|  0%| F|  |TAMS 0x0000000610400000| PB 0x0000000610400000| Untracked 
|  59|0x0000000610800000, 0x0000000610800000, 0x0000000610c00000|  0%| F|  |TAMS 0x0000000610800000| PB 0x0000000610800000| Untracked 
|  60|0x0000000610c00000, 0x0000000610c00000, 0x0000000611000000|  0%| F|  |TAMS 0x0000000610c00000| PB 0x0000000610c00000| Untracked 
|  61|0x0000000611000000, 0x0000000611000000, 0x0000000611400000|  0%| F|  |TAMS 0x0000000611000000| PB 0x0000000611000000| Untracked 
|  62|0x0000000611400000, 0x0000000611400000, 0x0000000611800000|  0%| F|  |TAMS 0x0000000611400000| PB 0x0000000611400000| Untracked 
|  63|0x0000000611800000, 0x0000000611800000, 0x0000000611c00000|  0%| F|  |TAMS 0x0000000611800000| PB 0x0000000611800000| Untracked 
|  64|0x0000000611c00000, 0x0000000611c00000, 0x0000000612000000|  0%| F|  |TAMS 0x0000000611c00000| PB 0x0000000611c00000| Untracked 
|  65|0x0000000612000000, 0x0000000612000000, 0x0000000612400000|  0%| F|  |TAMS 0x0000000612000000| PB 0x0000000612000000| Untracked 
|  66|0x0000000612400000, 0x0000000612400000, 0x0000000612800000|  0%| F|  |TAMS 0x0000000612400000| PB 0x0000000612400000| Untracked 
|  67|0x0000000612800000, 0x0000000612800000, 0x0000000612c00000|  0%| F|  |TAMS 0x0000000612800000| PB 0x0000000612800000| Untracked 
|  68|0x0000000612c00000, 0x0000000612c00000, 0x0000000613000000|  0%| F|  |TAMS 0x0000000612c00000| PB 0x0000000612c00000| Untracked 
|  69|0x0000000613000000, 0x0000000613000000, 0x0000000613400000|  0%| F|  |TAMS 0x0000000613000000| PB 0x0000000613000000| Untracked 
|  70|0x0000000613400000, 0x0000000613400000, 0x0000000613800000|  0%| F|  |TAMS 0x0000000613400000| PB 0x0000000613400000| Untracked 
|  71|0x0000000613800000, 0x0000000613800000, 0x0000000613c00000|  0%| F|  |TAMS 0x0000000613800000| PB 0x0000000613800000| Untracked 
|  72|0x0000000613c00000, 0x0000000613c00000, 0x0000000614000000|  0%| F|  |TAMS 0x0000000613c00000| PB 0x0000000613c00000| Untracked 
|  73|0x0000000614000000, 0x0000000614000000, 0x0000000614400000|  0%| F|  |TAMS 0x0000000614000000| PB 0x0000000614000000| Untracked 
|  74|0x0000000614400000, 0x0000000614400000, 0x0000000614800000|  0%| F|  |TAMS 0x0000000614400000| PB 0x0000000614400000| Untracked 
|  75|0x0000000614800000, 0x0000000614800000, 0x0000000614c00000|  0%| F|  |TAMS 0x0000000614800000| PB 0x0000000614800000| Untracked 
|  76|0x0000000614c00000, 0x0000000614c00000, 0x0000000615000000|  0%| F|  |TAMS 0x0000000614c00000| PB 0x0000000614c00000| Untracked 
|  77|0x0000000615000000, 0x0000000615000000, 0x0000000615400000|  0%| F|  |TAMS 0x0000000615000000| PB 0x0000000615000000| Untracked 
|  78|0x0000000615400000, 0x0000000615400000, 0x0000000615800000|  0%| F|  |TAMS 0x0000000615400000| PB 0x0000000615400000| Untracked 
|  79|0x0000000615800000, 0x0000000615800000, 0x0000000615c00000|  0%| F|  |TAMS 0x0000000615800000| PB 0x0000000615800000| Untracked 
|  80|0x0000000615c00000, 0x0000000615c00000, 0x0000000616000000|  0%| F|  |TAMS 0x0000000615c00000| PB 0x0000000615c00000| Untracked 
|  81|0x0000000616000000, 0x0000000616000000, 0x0000000616400000|  0%| F|  |TAMS 0x0000000616000000| PB 0x0000000616000000| Untracked 
|  82|0x0000000616400000, 0x0000000616400000, 0x0000000616800000|  0%| F|  |TAMS 0x0000000616400000| PB 0x0000000616400000| Untracked 
|  83|0x0000000616800000, 0x0000000616800000, 0x0000000616c00000|  0%| F|  |TAMS 0x0000000616800000| PB 0x0000000616800000| Untracked 
|  84|0x0000000616c00000, 0x0000000616c00000, 0x0000000617000000|  0%| F|  |TAMS 0x0000000616c00000| PB 0x0000000616c00000| Untracked 
|  85|0x0000000617000000, 0x0000000617000000, 0x0000000617400000|  0%| F|  |TAMS 0x0000000617000000| PB 0x0000000617000000| Untracked 
|  86|0x0000000617400000, 0x0000000617400000, 0x0000000617800000|  0%| F|  |TAMS 0x0000000617400000| PB 0x0000000617400000| Untracked 
|  87|0x0000000617800000, 0x0000000617800000, 0x0000000617c00000|  0%| F|  |TAMS 0x0000000617800000| PB 0x0000000617800000| Untracked 
|  88|0x0000000617c00000, 0x0000000617c00000, 0x0000000618000000|  0%| F|  |TAMS 0x0000000617c00000| PB 0x0000000617c00000| Untracked 
|  89|0x0000000618000000, 0x0000000618000000, 0x0000000618400000|  0%| F|  |TAMS 0x0000000618000000| PB 0x0000000618000000| Untracked 
|  90|0x0000000618400000, 0x0000000618400000, 0x0000000618800000|  0%| F|  |TAMS 0x0000000618400000| PB 0x0000000618400000| Untracked 
|  91|0x0000000618800000, 0x0000000618800000, 0x0000000618c00000|  0%| F|  |TAMS 0x0000000618800000| PB 0x0000000618800000| Untracked 
|  92|0x0000000618c00000, 0x0000000618c00000, 0x0000000619000000|  0%| F|  |TAMS 0x0000000618c00000| PB 0x0000000618c00000| Untracked 
|  93|0x0000000619000000, 0x0000000619000000, 0x0000000619400000|  0%| F|  |TAMS 0x0000000619000000| PB 0x0000000619000000| Untracked 
|  94|0x0000000619400000, 0x0000000619400000, 0x0000000619800000|  0%| F|  |TAMS 0x0000000619400000| PB 0x0000000619400000| Untracked 
|  95|0x0000000619800000, 0x0000000619800000, 0x0000000619c00000|  0%| F|  |TAMS 0x0000000619800000| PB 0x0000000619800000| Untracked 
|  96|0x0000000619c00000, 0x0000000619c00000, 0x000000061a000000|  0%| F|  |TAMS 0x0000000619c00000| PB 0x0000000619c00000| Untracked 
|  97|0x000000061a000000, 0x000000061a000000, 0x000000061a400000|  0%| F|  |TAMS 0x000000061a000000| PB 0x000000061a000000| Untracked 
|  98|0x000000061a400000, 0x000000061a400000, 0x000000061a800000|  0%| F|  |TAMS 0x000000061a400000| PB 0x000000061a400000| Untracked 
|  99|0x000000061a800000, 0x000000061a800000, 0x000000061ac00000|  0%| F|  |TAMS 0x000000061a800000| PB 0x000000061a800000| Untracked 
| 100|0x000000061ac00000, 0x000000061ac00000, 0x000000061b000000|  0%| F|  |TAMS 0x000000061ac00000| PB 0x000000061ac00000| Untracked 
| 101|0x000000061b000000, 0x000000061b000000, 0x000000061b400000|  0%| F|  |TAMS 0x000000061b000000| PB 0x000000061b000000| Untracked 
| 102|0x000000061b400000, 0x000000061b400000, 0x000000061b800000|  0%| F|  |TAMS 0x000000061b400000| PB 0x000000061b400000| Untracked 
| 103|0x000000061b800000, 0x000000061b800000, 0x000000061bc00000|  0%| F|  |TAMS 0x000000061b800000| PB 0x000000061b800000| Untracked 
| 104|0x000000061bc00000, 0x000000061bc00000, 0x000000061c000000|  0%| F|  |TAMS 0x000000061bc00000| PB 0x000000061bc00000| Untracked 
| 105|0x000000061c000000, 0x000000061c000000, 0x000000061c400000|  0%| F|  |TAMS 0x000000061c000000| PB 0x000000061c000000| Untracked 
| 106|0x000000061c400000, 0x000000061c400000, 0x000000061c800000|  0%| F|  |TAMS 0x000000061c400000| PB 0x000000061c400000| Untracked 
| 107|0x000000061c800000, 0x000000061c800000, 0x000000061cc00000|  0%| F|  |TAMS 0x000000061c800000| PB 0x000000061c800000| Untracked 
| 108|0x000000061cc00000, 0x000000061cc00000, 0x000000061d000000|  0%| F|  |TAMS 0x000000061cc00000| PB 0x000000061cc00000| Untracked 
| 109|0x000000061d000000, 0x000000061d000000, 0x000000061d400000|  0%| F|  |TAMS 0x000000061d000000| PB 0x000000061d000000| Untracked 
| 110|0x000000061d400000, 0x000000061d400000, 0x000000061d800000|  0%| F|  |TAMS 0x000000061d400000| PB 0x000000061d400000| Untracked 
| 111|0x000000061d800000, 0x000000061d800000, 0x000000061dc00000|  0%| F|  |TAMS 0x000000061d800000| PB 0x000000061d800000| Untracked 
| 112|0x000000061dc00000, 0x000000061dc00000, 0x000000061e000000|  0%| F|  |TAMS 0x000000061dc00000| PB 0x000000061dc00000| Untracked 
| 113|0x000000061e000000, 0x000000061e000000, 0x000000061e400000|  0%| F|  |TAMS 0x000000061e000000| PB 0x000000061e000000| Untracked 
| 114|0x000000061e400000, 0x000000061e400000, 0x000000061e800000|  0%| F|  |TAMS 0x000000061e400000| PB 0x000000061e400000| Untracked 
| 115|0x000000061e800000, 0x000000061e800000, 0x000000061ec00000|  0%| F|  |TAMS 0x000000061e800000| PB 0x000000061e800000| Untracked 
| 116|0x000000061ec00000, 0x000000061ec00000, 0x000000061f000000|  0%| F|  |TAMS 0x000000061ec00000| PB 0x000000061ec00000| Untracked 
| 117|0x000000061f000000, 0x000000061f000000, 0x000000061f400000|  0%| F|  |TAMS 0x000000061f000000| PB 0x000000061f000000| Untracked 
| 118|0x000000061f400000, 0x000000061f400000, 0x000000061f800000|  0%| F|  |TAMS 0x000000061f400000| PB 0x000000061f400000| Untracked 
| 119|0x000000061f800000, 0x000000061f800000, 0x000000061fc00000|  0%| F|  |TAMS 0x000000061f800000| PB 0x000000061f800000| Untracked 
| 120|0x000000061fc00000, 0x000000061fc00000, 0x0000000620000000|  0%| F|  |TAMS 0x000000061fc00000| PB 0x000000061fc00000| Untracked 
| 121|0x0000000620000000, 0x0000000620000000, 0x0000000620400000|  0%| F|  |TAMS 0x0000000620000000| PB 0x0000000620000000| Untracked 
| 122|0x0000000620400000, 0x0000000620400000, 0x0000000620800000|  0%| F|  |TAMS 0x0000000620400000| PB 0x0000000620400000| Untracked 
| 123|0x0000000620800000, 0x0000000620800000, 0x0000000620c00000|  0%| F|  |TAMS 0x0000000620800000| PB 0x0000000620800000| Untracked 
| 124|0x0000000620c00000, 0x0000000620c00000, 0x0000000621000000|  0%| F|  |TAMS 0x0000000620c00000| PB 0x0000000620c00000| Untracked 
| 125|0x0000000621000000, 0x0000000621000000, 0x0000000621400000|  0%| F|  |TAMS 0x0000000621000000| PB 0x0000000621000000| Untracked 
| 126|0x0000000621400000, 0x0000000621572f30, 0x0000000621800000| 36%| E|  |TAMS 0x0000000621400000| PB 0x0000000621400000| Complete 
| 127|0x0000000621800000, 0x0000000621c00000, 0x0000000621c00000|100%| E|CS|TAMS 0x0000000621800000| PB 0x0000000621800000| Complete 

Card table byte_map: [0x000002b856f20000,0x000002b857f20000] _byte_map_base: 0x000002b853f12000

Marking Bits: (CMBitMap*) 0x000002b83e010e10
 Bits: [0x000002b857f20000, 0x000002b85feb0000)

Polling page: 0x000002b83bf20000

Metaspace:

Usage:
  Non-class:      1.17 MB used.
      Class:     91.90 KB used.
       Both:      1.26 MB used.

Virtual space:
  Non-class space:       64.00 MB reserved,       1.25 MB (  2%) committed,  1 nodes.
      Class space:        1.00 GB reserved,     192.00 KB ( <1%) committed,  1 nodes.
             Both:        1.06 GB reserved,       1.44 MB ( <1%) committed. 

Chunk freelists:
   Non-Class:  11.98 MB
       Class:  15.74 MB
        Both:  27.72 MB

MaxMetaspaceSize: unlimited
CompressedClassSpaceSize: 1.00 GB
Initial GC threshold: 21.00 MB
Current GC threshold: 21.00 MB
CDS: on
 - commit_granule_bytes: 65536.
 - commit_granule_words: 8192.
 - virtual_space_node_default_size: 8388608.
 - enlarge_chunks_in_place: 1.
 - use_allocation_guard: 0.


Internal statistics:

num_allocs_failed_limit: 0.
num_arena_births: 22.
num_arena_deaths: 0.
num_vsnodes_births: 2.
num_vsnodes_deaths: 0.
num_space_committed: 23.
num_space_uncommitted: 0.
num_chunks_returned_to_freelist: 0.
num_chunks_taken_from_freelist: 23.
num_chunk_merges: 0.
num_chunk_splits: 15.
num_chunks_enlarged: 9.
num_inconsistent_stats: 0.

CodeHeap 'non-profiled nmethods': size=119168Kb used=102Kb max_used=102Kb free=119065Kb
 bounds [0x000002b84e220000, 0x000002b84e490000, 0x000002b855680000]
CodeHeap 'profiled nmethods': size=119104Kb used=355Kb max_used=355Kb free=118748Kb
 bounds [0x000002b846680000, 0x000002b8468f0000, 0x000002b84dad0000]
CodeHeap 'non-nmethods': size=7488Kb used=2444Kb max_used=2460Kb free=5044Kb
 bounds [0x000002b84dad0000, 0x000002b84dd40000, 0x000002b84e220000]
 total_blobs=677 nmethods=301 adapters=279
 compilation: enabled
              stopped_count=0, restarted_count=0
 full_count=0

Compilation events (20 events):
Event: 0.187 Thread 0x000002b8a4035010  293       4       java.util.HashMap::putVal (300 bytes)
Event: 0.188 Thread 0x000002b8a90080d0  294       3       java.lang.StringUTF16::getChar (60 bytes)
Event: 0.188 Thread 0x000002b8a90080d0 nmethod 294 0x000002b8466d5f10 code [0x000002b8466d60c0, 0x000002b8466d6230]
Event: 0.189 Thread 0x000002b8a90080d0  295       3       java.util.HashSet::contains (9 bytes)
Event: 0.189 Thread 0x000002b8a90080d0 nmethod 295 0x000002b8466d6310 code [0x000002b8466d64c0, 0x000002b8466d6750]
Event: 0.189 Thread 0x000002b8a90080d0  296       1       sun.instrument.TransformerManager$TransformerInfo::transformer (5 bytes)
Event: 0.189 Thread 0x000002b8a90080d0 nmethod 296 0x000002b84e238110 code [0x000002b84e2382a0, 0x000002b84e238370]
Event: 0.190 Thread 0x000002b8a90080d0  297       3       java.lang.String::charAt (25 bytes)
Event: 0.190 Thread 0x000002b8a4101d90  298       3       java.lang.String::isLatin1 (19 bytes)
Event: 0.190 Thread 0x000002b8a4036870  299       3       java.lang.StringBuilder::append (8 bytes)
Event: 0.190 Thread 0x000002b8a4101d90 nmethod 298 0x000002b8466d6890 code [0x000002b8466d6a40, 0x000002b8466d6bb0]
Event: 0.190 Thread 0x000002b8a4036870 nmethod 299 0x000002b8466d6c10 code [0x000002b8466d6dc0, 0x000002b8466d6f18]
Event: 0.190 Thread 0x000002b8a4101d90  300       3       java.lang.AbstractStringBuilder::append (77 bytes)
Event: 0.190 Thread 0x000002b8a90080d0 nmethod 297 0x000002b8466d7010 code [0x000002b8466d7200, 0x000002b8466d7748]
Event: 0.190 Thread 0x000002b8a4101d90 nmethod 300 0x000002b8466d7990 code [0x000002b8466d7ba0, 0x000002b8466d8260]
Event: 0.193 Thread 0x000002b8a90080d0  301       3       java.lang.instrument.ClassFileTransformer::transform (15 bytes)
Event: 0.194 Thread 0x000002b8a90080d0 nmethod 301 0x000002b8466d8510 code [0x000002b8466d86c0, 0x000002b8466d88c8]
Event: 0.196 Thread 0x000002b8a4036870  302       3       java.io.WinNTFileSystem::isSlash (18 bytes)
Event: 0.196 Thread 0x000002b8a4036870 nmethod 302 0x000002b8466d8990 code [0x000002b8466d8b40, 0x000002b8466d8cd0]
Event: 0.198 Thread 0x000002b8a4035010 nmethod 293 0x000002b84e238410 code [0x000002b84e238660, 0x000002b84e239410]

GC Heap History (0 events):
No events

Dll operation events (4 events):
Event: 0.013 Loaded shared library C:\Users\xqgab\.jdks\corretto-21.0.5\bin\java.dll
Event: 0.015 Loaded shared library C:\Users\xqgab\.jdks\corretto-21.0.5\bin\zip.dll
Event: 0.047 Loaded shared library C:\Users\xqgab\.jdks\corretto-21.0.5\bin\jsvml.dll
Event: 0.158 Loaded shared library C:\Users\xqgab\.jdks\corretto-21.0.5\bin\instrument.dll

Deoptimization events (20 events):
Event: 0.177 Thread 0x000002b83dfa62f0 Uncommon trap: trap_request=0xffffffde fr.pc=0x000002b84e2313a0 relative=0x0000000000000be0
Event: 0.177 Thread 0x000002b83dfa62f0 Uncommon trap: reason=class_check action=maybe_recompile pc=0x000002b84e2313a0 method=java.util.HashMap.putVal(ILjava/lang/Object;Ljava/lang/Object;ZZ)Ljava/lang/Object; @ 152 c2
Event: 0.177 Thread 0x000002b83dfa62f0 DEOPT PACKING pc=0x000002b84e2313a0 sp=0x000000f827dfca50
Event: 0.177 Thread 0x000002b83dfa62f0 DEOPT UNPACKING pc=0x000002b84db246a2 sp=0x000000f827dfca00 mode 2
Event: 0.177 Thread 0x000002b83dfa62f0 Uncommon trap: trap_request=0xffffffde fr.pc=0x000002b84e2313a0 relative=0x0000000000000be0
Event: 0.177 Thread 0x000002b83dfa62f0 Uncommon trap: reason=class_check action=maybe_recompile pc=0x000002b84e2313a0 method=java.util.HashMap.putVal(ILjava/lang/Object;Ljava/lang/Object;ZZ)Ljava/lang/Object; @ 152 c2
Event: 0.177 Thread 0x000002b83dfa62f0 DEOPT PACKING pc=0x000002b84e2313a0 sp=0x000000f827dfcb10
Event: 0.177 Thread 0x000002b83dfa62f0 DEOPT UNPACKING pc=0x000002b84db246a2 sp=0x000000f827dfcac0 mode 2
Event: 0.188 Thread 0x000002b83dfa62f0 Uncommon trap: trap_request=0xffffff45 fr.pc=0x000002b84e236e90 relative=0x0000000000000070
Event: 0.188 Thread 0x000002b83dfa62f0 Uncommon trap: reason=unstable_if action=reinterpret pc=0x000002b84e236e90 method=java.lang.String.isLatin1()Z @ 10 c2
Event: 0.188 Thread 0x000002b83dfa62f0 DEOPT PACKING pc=0x000002b84e236e90 sp=0x000000f827dfe350
Event: 0.188 Thread 0x000002b83dfa62f0 DEOPT UNPACKING pc=0x000002b84db246a2 sp=0x000000f827dfe2f0 mode 2
Event: 0.188 Thread 0x000002b83dfa62f0 Uncommon trap: trap_request=0xffffff45 fr.pc=0x000002b84e22217c relative=0x00000000000000dc
Event: 0.188 Thread 0x000002b83dfa62f0 Uncommon trap: reason=unstable_if action=reinterpret pc=0x000002b84e22217c method=java.lang.String.isLatin1()Z @ 10 c2
Event: 0.188 Thread 0x000002b83dfa62f0 DEOPT PACKING pc=0x000002b84e22217c sp=0x000000f827dfeea0
Event: 0.188 Thread 0x000002b83dfa62f0 DEOPT UNPACKING pc=0x000002b84db246a2 sp=0x000000f827dfedf0 mode 2
Event: 0.189 Thread 0x000002b83dfa62f0 Uncommon trap: trap_request=0xffffff45 fr.pc=0x000002b84e237928 relative=0x00000000000004c8
Event: 0.189 Thread 0x000002b83dfa62f0 Uncommon trap: reason=unstable_if action=reinterpret pc=0x000002b84e237928 method=java.lang.StringLatin1.replace([BCC)Ljava/lang/String; @ 19 c2
Event: 0.189 Thread 0x000002b83dfa62f0 DEOPT PACKING pc=0x000002b84e237928 sp=0x000000f827dff1b0
Event: 0.189 Thread 0x000002b83dfa62f0 DEOPT UNPACKING pc=0x000002b84db246a2 sp=0x000000f827dff130 mode 2

Classes loaded (20 events):
Event: 0.195 Loading class java/util/zip/ZipFile
Event: 0.195 Loading class java/util/zip/ZipFile done
Event: 0.195 Loading class java/util/zip/ZipFile$1
Event: 0.195 Loading class java/util/zip/ZipFile$1 done
Event: 0.195 Loading class jdk/internal/loader/URLClassPath$JarLoader$1
Event: 0.195 Loading class jdk/internal/loader/URLClassPath$JarLoader$1 done
Event: 0.196 Loading class java/util/jar/JarFile
Event: 0.196 Loading class java/util/jar/JarFile done
Event: 0.196 Loading class java/util/jar/JavaUtilJarAccessImpl
Event: 0.196 Loading class java/util/jar/JavaUtilJarAccessImpl done
Event: 0.197 Loading class java/util/zip/ZipCoder$UTF8ZipCoder
Event: 0.197 Loading class java/util/zip/ZipCoder$UTF8ZipCoder done
Event: 0.197 Loading class sun/nio/fs/AbstractFileSystemProvider
Event: 0.197 Loading class sun/nio/fs/AbstractFileSystemProvider done
Event: 0.197 Loading class sun/nio/fs/WindowsFileSystemProvider
Event: 0.197 Loading class sun/nio/fs/WindowsFileSystemProvider done
Event: 0.197 Loading class java/nio/file/StandardOpenOption
Event: 0.197 Loading class java/nio/file/StandardOpenOption done
Event: 0.198 Loading class sun/nio/fs/WindowsFileSystem
Event: 0.198 Loading class sun/nio/fs/WindowsFileSystem done

Classes unloaded (0 events):
No events

Classes redefined (1 events):
Event: 0.182 Thread 0x000002b8600aeb30 redefined class name=java.lang.Throwable, count=1

Internal exceptions (2 events):
Event: 0.159 Thread 0x000002b83dfa62f0 Exception <a 'java/lang/NoSuchMethodError'{0x0000000621b35be0}: 'void java.lang.invoke.DirectMethodHandle$Holder.invokeStatic(java.lang.Object, java.lang.Object, java.lang.Object)'> (0x0000000621b35be0) 
thrown [s\src\hotspot\share\interpreter\linkResolver.cpp, line 773]
Event: 0.166 Thread 0x000002b83dfa62f0 Exception <a 'java/lang/NoSuchMethodError'{0x0000000621b4d6f8}: 'java.lang.Object java.lang.invoke.Invokers$Holder.invokeExact_MT(java.lang.Object, java.lang.Object, java.lang.Object, java.lang.Object, java.lang.Object)'> (0x0000000621b4d6f8) 
thrown [s\src\hotspot\share\interpreter\linkResolver.cpp, line 773]

ZGC Phase Switch (0 events):
No events

VM Operations (10 events):
Event: 0.107 Executing VM operation: HandshakeAllThreads (Deoptimize)
Event: 0.107 Executing VM operation: HandshakeAllThreads (Deoptimize) done
Event: 0.156 Executing VM operation: ChangeBreakpoints
Event: 0.156 Executing VM operation: ChangeBreakpoints done
Event: 0.156 Executing VM operation: ChangeBreakpoints
Event: 0.156 Executing VM operation: ChangeBreakpoints done
Event: 0.182 Executing VM operation: RedefineClasses
Event: 0.183 Executing VM operation: RedefineClasses done
Event: 0.184 Executing VM operation: get/set locals
Event: 0.184 Executing VM operation: get/set locals done

Memory protections (0 events):
No events

Nmethod flushes (0 events):
No events

Events (16 events):
Event: 0.033 Thread 0x000002b83dfa62f0 Thread added: 0x000002b83dfa62f0
Event: 0.046 Thread 0x000002b83dfa62f0 Thread added: 0x000002b8a4026ff0
Event: 0.046 Thread 0x000002b83dfa62f0 Thread added: 0x000002b8a40280b0
Event: 0.046 Thread 0x000002b83dfa62f0 Thread added: 0x000002b8a402a820
Event: 0.046 Thread 0x000002b83dfa62f0 Thread added: 0x000002b8a402d500
Event: 0.046 Thread 0x000002b83dfa62f0 Thread added: 0x000002b8a402e2b0
Event: 0.046 Thread 0x000002b83dfa62f0 Thread added: 0x000002b8a4034650
Event: 0.046 Thread 0x000002b83dfa62f0 Thread added: 0x000002b8a4035010
Event: 0.046 Thread 0x000002b83dfa62f0 Thread added: 0x000002b8a4036870
Event: 0.103 Thread 0x000002b83dfa62f0 Thread added: 0x000002b8600a42b0
Event: 0.107 Thread 0x000002b8a4036870 Thread added: 0x000002b8a4101d90
Event: 0.108 Thread 0x000002b8a4101d90 Thread added: 0x000002b8a90080d0
Event: 0.124 Thread 0x000002b83dfa62f0 Thread added: 0x000002b8a420f430
Event: 0.124 Thread 0x000002b83dfa62f0 Thread added: 0x000002b8a4223c60
Event: 0.124 Thread 0x000002b8a420f430 Thread added: 0x000002b8a4224480
Event: 0.187 Thread 0x000002b83dfa62f0 Thread added: 0x000002b8a4393950


Dynamic libraries:
0x00007ff63c900000 - 0x00007ff63c90e000 	C:\Users\xqgab\.jdks\corretto-21.0.5\bin\java.exe
0x00007ffff05b0000 - 0x00007ffff07c7000 	C:\Windows\SYSTEM32\ntdll.dll
0x00007fffee9a0000 - 0x00007fffeea64000 	C:\Windows\System32\KERNEL32.DLL
0x00007fffedad0000 - 0x00007fffedea3000 	C:\Windows\System32\KERNELBASE.dll
0x00007fffed910000 - 0x00007fffeda21000 	C:\Windows\System32\ucrtbase.dll
0x00007fffe1760000 - 0x00007fffe177b000 	C:\Users\xqgab\.jdks\corretto-21.0.5\bin\VCRUNTIME140.dll
0x00007fffe17c0000 - 0x00007fffe17d8000 	C:\Users\xqgab\.jdks\corretto-21.0.5\bin\jli.dll
0x00007fffeecb0000 - 0x00007fffeee61000 	C:\Windows\System32\USER32.dll
0x00007fffee220000 - 0x00007fffee246000 	C:\Windows\System32\win32u.dll
0x00007fffe1f50000 - 0x00007fffe21e8000 	C:\Windows\WinSxS\amd64_microsoft.windows.common-controls_6595b64144ccf1df_6.0.22621.5124_none_270e8f4f7386d69d\COMCTL32.dll
0x00007fffef000000 - 0x00007fffef029000 	C:\Windows\System32\GDI32.dll
0x00007fffee250000 - 0x00007fffee2f7000 	C:\Windows\System32\msvcrt.dll
0x00007fffed6c0000 - 0x00007fffed7db000 	C:\Windows\System32\gdi32full.dll
0x00007fffeda30000 - 0x00007fffedaca000 	C:\Windows\System32\msvcp_win.dll
0x00007fffefd00000 - 0x00007fffefd31000 	C:\Windows\System32\IMM32.DLL
0x00007fffea640000 - 0x00007fffea64c000 	C:\Users\xqgab\.jdks\corretto-21.0.5\bin\vcruntime140_1.dll
0x00007fffaeef0000 - 0x00007fffaef7d000 	C:\Users\xqgab\.jdks\corretto-21.0.5\bin\msvcp140.dll
0x00007fff4ad30000 - 0x00007fff4bacd000 	C:\Users\xqgab\.jdks\corretto-21.0.5\bin\server\jvm.dll
0x00007fffef190000 - 0x00007fffef241000 	C:\Windows\System32\ADVAPI32.dll
0x00007fffeee70000 - 0x00007fffeef18000 	C:\Windows\System32\sechost.dll
0x00007fffed860000 - 0x00007fffed888000 	C:\Windows\System32\bcrypt.dll
0x00007fffefb00000 - 0x00007fffefc14000 	C:\Windows\System32\RPCRT4.dll
0x00007fffefd40000 - 0x00007fffefdb1000 	C:\Windows\System32\WS2_32.dll
0x00007fffec540000 - 0x00007fffec58d000 	C:\Windows\SYSTEM32\POWRPROF.dll
0x00007fffe7a00000 - 0x00007fffe7a34000 	C:\Windows\SYSTEM32\WINMM.dll
0x00007fffe57d0000 - 0x00007fffe57da000 	C:\Windows\SYSTEM32\VERSION.dll
0x00007fffec520000 - 0x00007fffec533000 	C:\Windows\SYSTEM32\UMPDC.dll
0x00007fffec7e0000 - 0x00007fffec7f8000 	C:\Windows\SYSTEM32\kernel.appcore.dll
0x00007fffea230000 - 0x00007fffea23a000 	C:\Users\xqgab\.jdks\corretto-21.0.5\bin\jimage.dll
0x00007fffdf920000 - 0x00007fffdfb52000 	C:\Windows\SYSTEM32\DBGHELP.DLL
0x00007fffefdc0000 - 0x00007ffff0152000 	C:\Windows\System32\combase.dll
0x00007fffeef20000 - 0x00007fffeeff7000 	C:\Windows\System32\OLEAUT32.dll
0x00007fffd44c0000 - 0x00007fffd44f2000 	C:\Windows\SYSTEM32\dbgcore.DLL
0x00007fffed890000 - 0x00007fffed90b000 	C:\Windows\System32\bcryptPrimitives.dll
0x00007fffb1790000 - 0x00007fffb17cc000 	C:\Users\xqgab\.jdks\corretto-21.0.5\bin\jdwp.dll
0x00007fffe4170000 - 0x00007fffe417e000 	C:\Users\xqgab\.jdks\corretto-21.0.5\bin\instrument.dll
0x00007fffe1220000 - 0x00007fffe123f000 	C:\Users\xqgab\.jdks\corretto-21.0.5\bin\java.dll
0x00007fffe11e0000 - 0x00007fffe11f8000 	C:\Users\xqgab\.jdks\corretto-21.0.5\bin\zip.dll
0x00007fffef260000 - 0x00007fffefaf6000 	C:\Windows\System32\SHELL32.dll
0x00007fffedf70000 - 0x00007fffee0af000 	C:\Windows\System32\wintypes.dll
0x00007fffeb5d0000 - 0x00007fffebeea000 	C:\Windows\SYSTEM32\windows.storage.dll
0x00007fffeeae0000 - 0x00007fffeebea000 	C:\Windows\System32\SHCORE.dll
0x00007fffeea70000 - 0x00007fffeead3000 	C:\Windows\System32\shlwapi.dll
0x00007fffed5f0000 - 0x00007fffed61b000 	C:\Windows\SYSTEM32\profapi.dll
0x00007fffaea10000 - 0x00007fffaeae7000 	C:\Users\xqgab\.jdks\corretto-21.0.5\bin\jsvml.dll
0x00007fffdcf20000 - 0x00007fffdcf2b000 	C:\Users\xqgab\.jdks\corretto-21.0.5\bin\dt_socket.dll
0x00007fffec190000 - 0x00007fffec1bd000 	C:\Windows\SYSTEM32\IPHLPAPI.DLL
0x00007fffecc60000 - 0x00007fffeccca000 	C:\Windows\system32\mswsock.dll

dbghelp: loaded successfully - version: 4.0.5 - missing functions: none
symbol engine: initialized successfully - sym options: 0x614 - pdb path: .;C:\Users\xqgab\.jdks\corretto-21.0.5\bin;C:\Windows\SYSTEM32;C:\Windows\WinSxS\amd64_microsoft.windows.common-controls_6595b64144ccf1df_6.0.22621.5124_none_270e8f4f7386d69d;C:\Users\xqgab\.jdks\corretto-21.0.5\bin\server

VM Arguments:
jvm_args: -agentlib:jdwp=transport=dt_socket,address=127.0.0.1:53952,suspend=y,server=n -javaagent:C:\Users\xqgab\AppData\Local\JetBrains\IdeaIC2024.3\captureAgent\debugger-agent.jar -Dkotlinx.coroutines.debug.enable.creation.stack.trace=false -Ddebugger.agent.enable.coroutines=true -Dkotlinx.coroutines.debug.enable.flows.stack.trace=true -Dkotlinx.coroutines.debug.enable.mutable.state.flows.stack.trace=true -Dfile.encoding=UTF-8 -Dsun.stdout.encoding=UTF-8 -Dsun.stderr.encoding=UTF-8 
java_command: com.example.auth.AuthApplication
java_class_path (initial): C:\Users\xqgab\Documents\docold\aula_41\auth\target\classes;C:\Users\xqgab\.m2\repository\org\springframework\boot\spring-boot-starter-web\3.4.4\spring-boot-starter-web-3.4.4.jar;C:\Users\xqgab\.m2\repository\org\springframework\boot\spring-boot-starter\3.4.4\spring-boot-starter-3.4.4.jar;C:\Users\xqgab\.m2\repository\org\springframework\boot\spring-boot-starter-logging\3.4.4\spring-boot-starter-logging-3.4.4.jar;C:\Users\xqgab\.m2\repository\ch\qos\logback\logback-classic\1.5.18\logback-classic-1.5.18.jar;C:\Users\xqgab\.m2\repository\ch\qos\logback\logback-core\1.5.18\logback-core-1.5.18.jar;C:\Users\xqgab\.m2\repository\org\apache\logging\log4j\log4j-to-slf4j\2.24.3\log4j-to-slf4j-2.24.3.jar;C:\Users\xqgab\.m2\repository\org\apache\logging\log4j\log4j-api\2.24.3\log4j-api-2.24.3.jar;C:\Users\xqgab\.m2\repository\org\slf4j\jul-to-slf4j\2.0.17\jul-to-slf4j-2.0.17.jar;C:\Users\xqgab\.m2\repository\jakarta\annotation\jakarta.annotation-api\2.1.1\jakarta.annotation-api-2.1.1.jar;C:\Users\xqgab\.m2\repository\org\yaml\snakeyaml\2.3\snakeyaml-2.3.jar;C:\Users\xqgab\.m2\repository\org\springframework\boot\spring-boot-starter-json\3.4.4\spring-boot-starter-json-3.4.4.jar;C:\Users\xqgab\.m2\repository\com\fasterxml\jackson\datatype\jackson-datatype-jdk8\2.18.3\jackson-datatype-jdk8-2.18.3.jar;C:\Users\xqgab\.m2\repository\com\fasterxml\jackson\datatype\jackson-datatype-jsr310\2.18.3\jackson-datatype-jsr310-2.18.3.jar;C:\Users\xqgab\.m2\repository\com\fasterxml\jackson\module\jackson-module-parameter-names\2.18.3\jackson-module-parameter-names-2.18.3.jar;C:\Users\xqgab\.m2\repository\org\springframework\boot\spring-boot-starter-tomcat\3.4.4\spring-boot-starter-tomcat-3.4.4.jar;C:\Users\xqgab\.m2\repository\org\apache\tomcat\embed\tomcat-embed-core\10.1.39\tomcat-embed-core-10.1.39.jar;C:\Users\xqgab\.m2\repository\org\apache\tomcat\embed\tomcat-embed-el\10.1.39\tomcat-embed-el-10.1.39.jar;C:\Users\xqgab\.m2\repository\org\apache\tomcat\embed\tomcat-embed-websocket\10.1.39\tomcat-embed-websocket-10.1.39.jar;C:\Users\xqgab\.m2\repository\org\springframework\spring-web\6.2.5\spring-web-6.2.5.jar;C:\Users\xqgab\.m2\repository\io\micrometer\micrometer-observation\1.14.5\micrometer-observation-1.14.5.jar;C:\Users\xqgab\.m2\repository\io\micrometer\micrometer-commons\1.14.5\micrometer-commons-1.14.5.jar;C:\Users\xqgab\.m2\repository\org\springframework\spring-webmvc\6.2.5\spring-webmvc-6.2.5.jar;C:\Users\xqgab\.m2\repository\org\springframework\spring-expression\6.2.5\spring-expression-6.2.5.jar;C:\Users\xqgab\.m2\repository\org\springframework\boot\spring-boot-devtools\3.4.4\spring-boot-devtools-3.4.4.jar;C:\Users\xqgab\.m2\repository\org\springframework\boot\spring-boot\3.4.4\spring-boot-3.4.4.jar;C:\Users\xqgab\.m2\repository\org\springframework\boot\spring-boot-autoconfigure\3.4.4\spring-boot-autoconfigure-3.4.4.jar;C:\Users\xqgab\.m2\repository\com\mysql\mysql-connector-j\9.1.0\mysql-connector-j-9.1.0.jar;C:\Users\xqgab\.m2\repository\org\slf4j\slf4j-api\2.0.17\slf4j-api-2.0.17.jar;C:\Users\xqgab\.m2\repository\jakarta\xml\bind\jakarta.xml.bind-api\4.0.2\jakarta.xml.bind-api-4.0.2.jar;C:\Users\xqgab\.m2\repository\jakarta\activation\jakarta.activation-api\2.1.3\jakarta.activation-api-2.1.3.jar;C:\Users\xqgab\.m2\repository\net\bytebuddy\byte-buddy\1.15.11\byte-buddy-1.15.11.jar;C:\Users\xqgab\.m2\repository\org\springframework\spring-core\6.2.5\spring-core-6.2.5.jar;C:\Users\xqgab\.m2\repository\org\springframework\spring-jcl\6.2.5\spring-jcl-6.2.5.jar;C:\Users\xqgab\.m2\repository\org\springframework\boot\spring-boot-starter-data-jpa\3.4.4\spring-boot-starter-data-jpa-3.4.4.jar;C:\Users\xqgab\.m2\repository\org\springframework\boot\spring-boot-starter-jdbc\3.4.4\spring-boot-starter-jdbc-3.4.4.jar;C:\Users\xqgab\.m2\repository\com\zaxxer\HikariCP\5.1.0\HikariCP-5.1.0.jar;C:\Users\xqgab\.m2\repository\org\springframework\spring-jdbc\6.2.5\spring-jdbc-6.2.5.jar;C:\Users\xqgab\.m2\repository\org\hibernate\orm\hibernate-core\6.6.11.Final\hibernate-core-6.6.11.Final.jar;C:\Users\xqgab\.m2\repository\jakarta\persistence\jakarta.persistence-api\3.1.0\jakarta.persistence-api-3.1.0.jar;C:\Users\xqgab\.m2\repository\jakarta\transaction\jakarta.transaction-api\2.0.1\jakarta.transaction-api-2.0.1.jar;C:\Users\xqgab\.m2\repository\org\jboss\logging\jboss-logging\3.6.1.Final\jboss-logging-3.6.1.Final.jar;C:\Users\xqgab\.m2\repository\org\hibernate\common\hibernate-commons-annotations\7.0.3.Final\hibernate-commons-annotations-7.0.3.Final.jar;C:\Users\xqgab\.m2\repository\io\smallrye\jandex\3.2.0\jandex-3.2.0.jar;C:\Users\xqgab\.m2\repository\com\fasterxml\classmate\1.7.0\classmate-1.7.0.jar;C:\Users\xqgab\.m2\repository\org\glassfish\jaxb\jaxb-runtime\4.0.5\jaxb-runtime-4.0.5.jar;C:\Users\xqgab\.m2\repository\org\glassfish\jaxb\jaxb-core\4.0.5\jaxb-core-4.0.5.jar;C:\Users\xqgab\.m2\repository\org\eclipse\angus\angus-activation\2.0.2\angus-activation-2.0.2.jar;C:\Users\xqgab\.m2\repository\org\glassfish\jaxb\txw2\4.0.5\txw2-4.0.5.jar;C:\Users\xqgab\.m2\repository\com\sun\istack\istack-commons-runtime\4.1.2\istack-commons-runtime-4.1.2.jar;C:\Users\xqgab\.m2\repository\jakarta\inject\jakarta.inject-api\2.0.1\jakarta.inject-api-2.0.1.jar;C:\Users\xqgab\.m2\repository\org\antlr\antlr4-runtime\4.13.0\antlr4-runtime-4.13.0.jar;C:\Users\xqgab\.m2\repository\org\springframework\data\spring-data-jpa\3.4.4\spring-data-jpa-3.4.4.jar;C:\Users\xqgab\.m2\repository\org\springframework\data\spring-data-commons\3.4.4\spring-data-commons-3.4.4.jar;C:\Users\xqgab\.m2\repository\org\springframework\spring-orm\6.2.5\spring-orm-6.2.5.jar;C:\Users\xqgab\.m2\repository\org\springframework\spring-tx\6.2.5\spring-tx-6.2.5.jar;C:\Users\xqgab\.m2\repository\org\springframework\spring-aspects\6.2.5\spring-aspects-6.2.5.jar;C:\Users\xqgab\.m2\repository\org\aspectj\aspectjweaver\1.9.23\aspectjweaver-1.9.23.jar;C:\Users\xqgab\.m2\repository\org\springframework\boot\spring-boot-starter-security\3.4.4\spring-boot-starter-security-3.4.4.jar;C:\Users\xqgab\.m2\repository\org\springframework\spring-aop\6.2.5\spring-aop-6.2.5.jar;C:\Users\xqgab\.m2\repository\org\springframework\security\spring-security-web\6.4.4\spring-security-web-6.4.4.jar;C:\Users\xqgab\.m2\repository\org\springframework\security\spring-security-core\6.4.4\spring-security-core-6.4.4.jar;C:\Users\xqgab\.m2\repository\org\springframework\security\spring-security-crypto\6.4.4\spring-security-crypto-6.4.4.jar;C:\Users\xqgab\.m2\repository\org\springframework\security\spring-security-config\6.4.5\spring-security-config-6.4.5.jar;C:\Users\xqgab\.m2\repository\org\springframework\spring-beans\6.2.5\spring-beans-6.2.5.jar;C:\Users\xqgab\.m2\repository\org\springframework\spring-context\6.2.5\spring-context-6.2.5.jar;C:\Users\xqgab\.m2\repository\io\jsonwebtoken\jjwt-api\0.11.5\jjwt-api-0.11.5.jar;C:\Users\xqgab\.m2\repository\io\jsonwebtoken\jjwt-impl\0.11.5\jjwt-impl-0.11.5.jar;C:\Users\xqgab\.m2\repository\io\jsonwebtoken\jjwt-jackson\0.11.5\jjwt-jackson-0.11.5.jar;C:\Users\xqgab\.m2\repository\com\fasterxml\jackson\core\jackson-databind\2.18.3\jackson-databind-2.18.3.jar;C:\Users\xqgab\.m2\repository\com\fasterxml\jackson\core\jackson-annotations\2.18.3\jackson-annotations-2.18.3.jar;C:\Users\xqgab\.m2\repository\com\fasterxml\jackson\core\jackson-core\2.18.3\jackson-core-2.18.3.jar;C:\Users\xqgab\.m2\repository\org\modelmapper\modelmapper\3.2.2\modelmapper-3.2.2.jar;C:\Program Files\JetBrains\IntelliJ IDEA Community Edition 2024.3.1.1\lib\idea_rt.jar
Launcher Type: SUN_STANDARD

[Global flags]
     intx CICompilerCount                          = 12                                        {product} {ergonomic}
     uint ConcGCThreads                            = 3                                         {product} {ergonomic}
     uint G1ConcRefinementThreads                  = 13                                        {product} {ergonomic}
   size_t G1HeapRegionSize                         = 4194304                                   {product} {ergonomic}
    uintx GCDrainStackTargetSize                   = 64                                        {product} {ergonomic}
   size_t InitialHeapSize                          = 536870912                                 {product} {ergonomic}
   size_t MarkStackSize                            = 4194304                                   {product} {ergonomic}
   size_t MaxHeapSize                              = 8560574464                                {product} {ergonomic}
   size_t MaxNewSize                               = 5133828096                                {product} {ergonomic}
   size_t MinHeapDeltaBytes                        = 4194304                                   {product} {ergonomic}
   size_t MinHeapSize                              = 8388608                                   {product} {ergonomic}
    uintx NonNMethodCodeHeapSize                   = 7602480                                {pd product} {ergonomic}
    uintx NonProfiledCodeHeapSize                  = 122027880                              {pd product} {ergonomic}
    uintx ProfiledCodeHeapSize                     = 122027880                              {pd product} {ergonomic}
    uintx ReservedCodeCacheSize                    = 251658240                              {pd product} {ergonomic}
     bool SegmentedCodeCache                       = true                                      {product} {ergonomic}
   size_t SoftMaxHeapSize                          = 8560574464                             {manageable} {ergonomic}
     bool UseCompressedOops                        = true                           {product lp64_product} {ergonomic}
     bool UseG1GC                                  = true                                      {product} {ergonomic}
     bool UseLargePagesIndividualAllocation        = false                                  {pd product} {ergonomic}

Logging:
Log output configuration:
 #0: stdout all=warning uptime,level,tags foldmultilines=false
 #1: stderr all=off uptime,level,tags foldmultilines=false

Environment Variables:
JAVA_HOME=C:\Users\xqgab\.jdks\corretto-11.0.24
PATH=C:\Program Files\Common Files\Oracle\Java\javapath;C:\Program Files (x86)\Common Files\Oracle\Java\java8path;C:\Program Files (x86)\Common Files\Oracle\Java\javapath;C:\Users\xqgab\.jdks\corretto-11.0.24\bin;C:\Users\xqgab\AppData\Local\Programs\Python\Python313\Scripts;C:\Users\xqgab\AppData\Local\Programs\Python\Python313;C:\Windows\system32;C:\Windows;C:\Windows\System32\Wbem;C:\Windows\System32\WindowsPowerShell\v1.0\;C:\Windows\System32\OpenSSH\;C:\Program Files (x86)\NVIDIA Corporation\PhysX\Common;C:\Program Files\Git\cmd;C:\Program Files\Java\apache-maven-3.9.9-bin\bin;C:\Program Files\nodejs\;C:\Program Files\dotnet\;C:\Program Files\NVIDIA Corporation\NVIDIA app\NvDLISR;C:\openalpr_64;;C:\Program Files\Docker\Docker\resources\bin;C:\Program Files\Amazon\AWSCLIV2\;C:\Users\xqgab\.jdks\corretto-11.0.24\bin;C:\Program Files\Java\apache-maven-3.9.9-bin\bin;C:\Users\xqgab\AppData\Local\Microsoft\WindowsApps;C:\Program Files\JetBrains\IntelliJ IDEA 2024.1.2\bin;;C:\Users\xqgab\AppData\Local\Programs\Microsoft VS Code\bin;C:\Users\xqgab\AppData\Roaming\npm;C:\Users\xqgab\AppData\Local\Muse Hub\lib;C:\Program Files\JetBrains\IntelliJ IDEA Community Edition 2024.3.1.1\bin;
USERNAME=xqgab
OS=Windows_NT
PROCESSOR_IDENTIFIER=AMD64 Family 25 Model 33 Stepping 2, AuthenticAMD
TMP=C:\Users\xqgab\AppData\Local\Temp
TEMP=C:\Users\xqgab\AppData\Local\Temp




Periodic native trim disabled

---------------  S Y S T E M  ---------------

OS:
 Windows 11 , 64 bit Build 22621 (10.0.22621.5124)
OS uptime: 3 days 9:12 hours
Hyper-V role detected

CPU: total 16 (initial active 16) (16 cores per cpu, 2 threads per core) family 25 model 33 stepping 2 microcode 0x0, cx8, cmov, fxsr, ht, mmx, 3dnowpref, sse, sse2, sse3, ssse3, sse4a, sse4.1, sse4.2, popcnt, lzcnt, tsc, tscinvbit, avx, avx2, aes, erms, clmul, bmi1, bmi2, adx, sha, fma, vzeroupper, clflush, clflushopt, hv, rdtscp, rdpid, fsrm, f16c, cet_ss
Processor Information for all 16 processors :
  Max Mhz: 3401, Current Mhz: 3401, Mhz Limit: 3401

Memory: 4k page, system-wide physical 32654M (13962M free)
TotalPageFile size 34702M (AvailPageFile size 7M)
current process WorkingSet (physical memory assigned to process): 43M, peak: 43M
current process commit charge ("private bytes"): 615M, peak: 615M

vm_info: OpenJDK 64-Bit Server VM (21.0.5+11-LTS) for windows-amd64 JRE (21.0.5+11-LTS), built on 2024-10-11T20:58:34Z by "Administrator" with MS VC++ 16.10 / 16.11 (VS2019)

END.
